<?xml version="1.0" encoding="UTF-8"?>
<!-- Generated by org.testng.reporters.JUnitReportReporter -->
<testsuite hostname="DESKTOP-TV6G0LO" failures="0" tests="1" name="com.actitime.tests.ValidloginlogoutTest" time="22.999" errors="0" timestamp="03 Dec 2018 08:22:25 GMT" skipped="0">
  <testcase classname="com.actitime.tests.ValidloginlogoutTest" name="testValidLoginLogout" time="22.999"/>
</testsuite> <!-- com.actitime.tests.ValidloginlogoutTest -->
